2014/06/05 19:19:59 INFO  - jmeter.util.JMeterUtils: Setting Locale to fr_FR 
2014/06/05 19:19:59 INFO  - jmeter.util.JMeterUtils: Could not find resources for 'fr_FR', using 'fr' 
2014/06/05 19:19:59 INFO  - jmeter.JMeter: Loading user properties from: /opt/apache-jmeter-2.11/bin/user.properties 
2014/06/05 19:19:59 INFO  - jmeter.JMeter: Loading system properties from: /opt/apache-jmeter-2.11/bin/system.properties 
2014/06/05 19:19:59 INFO  - jmeter.JMeter: Copyright (c) 1998-2014 The Apache Software Foundation 
2014/06/05 19:19:59 INFO  - jmeter.JMeter: Version 2.11 r1554548 
2014/06/05 19:19:59 INFO  - jmeter.JMeter: java.version=1.6.0_30 
2014/06/05 19:19:59 INFO  - jmeter.JMeter: java.vm.name=OpenJDK 64-Bit Server VM 
2014/06/05 19:19:59 INFO  - jmeter.JMeter: os.name=Linux 
2014/06/05 19:19:59 INFO  - jmeter.JMeter: os.arch=amd64 
2014/06/05 19:19:59 INFO  - jmeter.JMeter: os.version=2.6.32-431.el6.x86_64 
2014/06/05 19:19:59 INFO  - jmeter.JMeter: file.encoding=UTF-8 
2014/06/05 19:19:59 INFO  - jmeter.JMeter: Default Locale=français (France) 
2014/06/05 19:19:59 INFO  - jmeter.JMeter: JMeter  Locale=français (France) 
2014/06/05 19:19:59 INFO  - jmeter.JMeter: JMeterHome=/opt/apache-jmeter-2.11 
2014/06/05 19:19:59 INFO  - jmeter.JMeter: user.dir  =/opt/canopsis-brick-apm/contrib/jmeter2canopsis 
2014/06/05 19:19:59 INFO  - jmeter.JMeter: PWD       =/opt/canopsis-brick-apm/contrib/jmeter2canopsis 
2014/06/05 19:19:59 INFO  - jmeter.JMeter: IP: 192.168.251.248 Name: shl90418 FullName: 192.168.251.248 
2014/06/05 19:19:59 INFO  - jmeter.services.FileServer: Default base='/opt/canopsis-brick-apm/contrib/jmeter2canopsis' 
2014/06/05 19:19:59 INFO  - jmeter.services.FileServer: Set new base='/opt/canopsis-brick-apm/contrib/jmeter2canopsis/jmx' 
2014/06/05 19:19:59 INFO  - jmeter.JMeter: Loading file: /opt/canopsis-brick-apm/contrib/jmeter2canopsis/jmx/mgdb.panamedia-international9.com.jmx 
2014/06/05 19:20:00 INFO  - jmeter.save.SaveService: Testplan (JMX) version: 2.2. Testlog (JTL) version: 2.2 
2014/06/05 19:20:00 INFO  - jmeter.save.SaveService: Using SaveService properties file encoding UTF-8 
2014/06/05 19:20:00 INFO  - jmeter.save.SaveService: Using SaveService properties version 2.6 
2014/06/05 19:20:00 INFO  - jmeter.save.SaveService: Using SaveService properties file version 1554411 
2014/06/05 19:20:00 INFO  - jmeter.save.SaveService: All converter versions present and correct 
2014/06/05 19:20:00 INFO  - jmeter.protocol.http.sampler.HTTPSamplerBase: Cannot find .className property for htmlParser, using default 
2014/06/05 19:20:00 INFO  - jmeter.protocol.http.sampler.HTTPSamplerBase: Parser for text/html is  
2014/06/05 19:20:00 INFO  - jmeter.protocol.http.sampler.HTTPSamplerBase: Parser for application/xhtml+xml is  
2014/06/05 19:20:00 INFO  - jmeter.protocol.http.sampler.HTTPSamplerBase: Parser for application/xml is  
2014/06/05 19:20:00 INFO  - jmeter.protocol.http.sampler.HTTPSamplerBase: Parser for text/xml is  
2014/06/05 19:20:00 INFO  - jmeter.protocol.http.sampler.HTTPSamplerBase: Parser for text/vnd.wap.wml is org.apache.jmeter.protocol.http.parser.RegexpHTMLParser 
2014/06/05 19:20:00 INFO  - jmeter.protocol.http.control.CookieManager: Settings: Delete null: true Check: true Allow variable: true Save: false Prefix: COOKIE_ 
2014/06/05 19:20:00 INFO  - jmeter.JMeter: Creating summariser <summary> 
2014/06/05 19:20:00 INFO  - jmeter.engine.StandardJMeterEngine: Listeners will be started after enabling running version 
2014/06/05 19:20:00 INFO  - jmeter.engine.StandardJMeterEngine: To revert to the earlier behaviour, define jmeterengine.startlistenerslater=false 
2014/06/05 19:20:00 INFO  - jmeter.engine.StandardJMeterEngine: Running the test! 
2014/06/05 19:20:00 INFO  - jmeter.samplers.SampleEvent: List of sample_variables: [] 
2014/06/05 19:20:00 INFO  - jmeter.samplers.SampleEvent: List of sample_variables: [] 
2014/06/05 19:20:00 INFO  - jmeter.engine.util.CompoundVariable: Note: Function class names must contain the string: '.functions.' 
2014/06/05 19:20:00 INFO  - jmeter.engine.util.CompoundVariable: Note: Function class names must not contain the string: '.gui.' 
2014/06/05 19:20:00 INFO  - jmeter.JMeter: Lancer test (1401988800836) 
2014/06/05 19:20:00 INFO  - jmeter.engine.StandardJMeterEngine: Starting ThreadGroup: 1 : PROD#MGDB#Test fonctionnel#Navigation sur le site# 
2014/06/05 19:20:00 INFO  - jmeter.engine.StandardJMeterEngine: Starting 1 threads for group PROD#MGDB#Test fonctionnel#Navigation sur le site#. 
2014/06/05 19:20:00 INFO  - jmeter.engine.StandardJMeterEngine: Thread will continue on error 
2014/06/05 19:20:00 INFO  - jmeter.threads.ThreadGroup: Starting thread group number 1 threads 1 ramp-up 1 perThread 1000.0 delayedStart=false 
2014/06/05 19:20:00 INFO  - jmeter.threads.JMeterThread: jmeterthread.startearlier=true (see jmeter.properties) 
2014/06/05 19:20:00 INFO  - jmeter.threads.JMeterThread: Running PostProcessors in forward order 
2014/06/05 19:20:00 INFO  - jmeter.threads.ThreadGroup: Started thread group number 1 
2014/06/05 19:20:00 INFO  - jmeter.engine.StandardJMeterEngine: All thread groups have been started 
2014/06/05 19:20:00 INFO  - jmeter.threads.JMeterThread: Thread started: PROD#MGDB#Test fonctionnel#Navigation sur le site# 1-1 
2014/06/05 19:20:00 INFO  - jmeter.protocol.http.sampler.HTTPHCAbstractImpl: Local host = shl90418 
2014/06/05 19:20:00 INFO  - jmeter.protocol.http.sampler.HTTPHC4Impl: HTTP request retry count = 0 
2014/06/05 19:20:00 INFO  - jmeter.protocol.http.sampler.HTTPHC4Impl: Setting up HTTPS TrustAll scheme 
2014/06/05 19:20:00 INFO  - jmeter.util.JsseSSLManager: Using default SSL protocol: TLS 
2014/06/05 19:20:00 INFO  - jmeter.util.JsseSSLManager: SSL session context: per-thread 
2014/06/05 19:20:01 INFO  - jmeter.samplers.SampleResult: Note: Sample TimeStamps are START times 
2014/06/05 19:20:01 INFO  - jmeter.samplers.SampleResult: sampleresult.default.encoding is set to ISO-8859-1 
2014/06/05 19:20:01 INFO  - jmeter.samplers.SampleResult: sampleresult.useNanoTime=true 
2014/06/05 19:20:01 INFO  - jmeter.samplers.SampleResult: sampleresult.nanoThreadSleep=5000 
2014/06/05 19:20:01 INFO  - jmeter.reporters.Summariser: summary +      1 in     1s =    1,8/s Avg:   567 Min:   567 Max:   567 Err:     0 (0,00%) Active: 1 Started: 1 Finished: 0 
2014/06/05 19:20:03 INFO  - jmeter.threads.JMeterThread: Thread finished: PROD#MGDB#Test fonctionnel#Navigation sur le site# 1-1 
2014/06/05 19:20:03 INFO  - jmeter.engine.StandardJMeterEngine: Notifying test listeners of end of test 
2014/06/05 19:20:03 INFO  - jmeter.reporters.Summariser: summary +      3 in   1,2s =    2,6/s Avg:   383 Min:   127 Max:   518 Err:     1 (33,33%) Active: 0 Started: 1 Finished: 1 
2014/06/05 19:20:03 INFO  - jmeter.reporters.Summariser: summary =      4 in     2s =    2,3/s Avg:   429 Min:   127 Max:   567 Err:     1 (25,00%) 
